Using pre-set license
Built from '2021.1/staging' branch; Version is '2021.1.3f1 (4bef613afd59) revision 4976481'; Using compiler version '192528614'; Build Type 'Release'
OS: 'Windows 10 Home Single Language; OS build 19042.867; Version 2009; 64bit' Language: 'en' Physical Memory: 16229 MB
BatchMode: 1, IsHumanControllingUs: 0, StartBugReporterOnCrash: 0, Is64bit: 1, IsPro: 0

 COMMAND LINE ARGUMENTS:
C:\Program Files\Unity\Hub\Editor\2021.1.3f1\Editor\Unity.exe
-adb2
-batchMode
-noUpm
-name
AssetImportWorker0
-projectPath
D:/Rachit Github/Dungeon_Castle
-logFile
Logs/AssetImportWorker0.log
-srvPort
63801
Successfully changed project path to: D:/Rachit Github/Dungeon_Castle
D:/Rachit Github/Dungeon_Castle
Using Asset Import Pipeline V2.
Refreshing native plugins compatible for Editor in 40.78 ms, found 1 plugins.
Preloading 0 native plugins for Editor in 0.00 ms.
Initialize engine version: 2021.1.3f1 (4bef613afd59)
[Subsystems] Discovering subsystems at path C:/Program Files/Unity/Hub/Editor/2021.1.3f1/Editor/Data/Resources/UnitySubsystems
[Subsystems] Discovering subsystems at path D:/Rachit Github/Dungeon_Castle/Assets
GfxDevice: creating device client; threaded=0; jobified=0
Direct3D:
    Version:  Direct3D 11.0 [level 11.1]
    Renderer: NVIDIA GeForce GTX 1060 (ID=0x1c20)
    Vendor:   NVIDIA
    VRAM:     6052 MB
    Driver:   27.21.14.6192
Initialize mono
Mono path[0] = 'C:/Program Files/Unity/Hub/Editor/2021.1.3f1/Editor/Data/Managed'
Mono path[1] = 'C:/Program Files/Unity/Hub/Editor/2021.1.3f1/Editor/Data/MonoBleedingEdge/lib/mono/unityjit'
Mono config path = 'C:/Program Files/Unity/Hub/Editor/2021.1.3f1/Editor/Data/MonoBleedingEdge/etc'
Using monoOptions --debugger-agent=transport=dt_socket,embedding=1,server=y,suspend=n,address=127.0.0.1:56544
Begin MonoManager ReloadAssembly
Registering precompiled unity dll's ...
Register platform support module: C:/Program Files/Unity/Hub/Editor/2021.1.3f1/Editor/Data/PlaybackEngines/WindowsStandaloneSupport/UnityEditor.WindowsStandalone.Extensions.dll
Registered in 0.002019 seconds.
Native extension for WindowsStandalone target not found
Refreshing native plugins compatible for Editor in 41.91 ms, found 1 plugins.
Preloading 0 native plugins for Editor in 0.00 ms.
Mono: successfully reloaded assembly
- Completed reload, in  1.155 seconds
Platform modules already initialized, skipping
Registering precompiled user dll's ...
Registered in 0.001237 seconds.
Begin MonoManager ReloadAssembly
Native extension for WindowsStandalone target not found
Refreshing native plugins compatible for Editor in 41.30 ms, found 1 plugins.
Preloading 0 native plugins for Editor in 0.00 ms.
Mono: successfully reloaded assembly
- Completed reload, in  1.386 seconds
Platform modules already initialized, skipping
========================================================================
Worker process is ready to serve import requests
Launched and connected shader compiler UnityShaderCompiler.exe after 0.07 seconds
Refreshing native plugins compatible for Editor in 0.40 ms, found 1 plugins.
Preloading 0 native plugins for Editor in 0.00 ms.
Unloading 2015 Unused Serialized files (Serialized files now loaded: 0)
System memory in use before: 95.3 MB.
System memory in use after: 95.4 MB.

Unloading 20 unused Assets to reduce memory usage. Loaded Objects now: 2477.
Total: 2.166900 ms (FindLiveObjects: 0.167100 ms CreateObjectMapping: 0.095500 ms MarkObjects: 1.849900 ms  DeleteObjects: 0.053600 ms)

========================================================================
Received Import Request.
  path: Assets/Scenes/MainMenu.unity
  artifactKey: Guid(7386caf860078f041b46135811e6f69a) Importer(815301076,1909f56bfc062723c751e8b465ee728b)
Start importing Assets/Scenes/MainMenu.unity using Guid(7386caf860078f041b46135811e6f69a) Importer(815301076,1909f56bfc062723c751e8b465ee728b)  -> (artifact id: '7b693d63d8c3d6a7ce0b82703ac4b9e9') in 0.016999 seconds 
========================================================================
Received Import Request.
  Time since last request: 1.205260 seconds.
  path: Assets/Scenes/Level1.unity
  artifactKey: Guid(744fde11554f5f04fac05d88c38bf053) Importer(815301076,1909f56bfc062723c751e8b465ee728b)
Start importing Assets/Scenes/Level1.unity using Guid(744fde11554f5f04fac05d88c38bf053) Importer(815301076,1909f56bfc062723c751e8b465ee728b)  -> (artifact id: '06fa188119deb4521770b0bf7068dfc9') in 0.006663 seconds 
========================================================================
Received Prepare
Registering precompiled user dll's ...
Registered in 0.001287 seconds.
Begin MonoManager ReloadAssembly
Native extension for WindowsStandalone target not found
Refreshing native plugins compatible for Editor in 0.41 ms, found 1 plugins.
Preloading 0 native plugins for Editor in 0.00 ms.
Mono: successfully reloaded assembly
- Completed reload, in  0.936 seconds
Platform modules already initialized, skipping
Refreshing native plugins compatible for Editor in 0.48 ms, found 1 plugins.
Preloading 0 native plugins for Editor in 0.00 ms.
Unloading 1991 Unused Serialized files (Serialized files now loaded: 0)
System memory in use before: 93.5 MB.
System memory in use after: 93.6 MB.

Unloading 9 unused Assets to reduce memory usage. Loaded Objects now: 2480.
Total: 2.241700 ms (FindLiveObjects: 0.145700 ms CreateObjectMapping: 0.060400 ms MarkObjects: 2.019400 ms  DeleteObjects: 0.015100 ms)

========================================================================
Received Import Request.
  Time since last request: 300.086163 seconds.
  path: Assets/Scenes/GameOver.unity
  artifactKey: Guid(6f57327951d03874685843d0cb03d028) Importer(815301076,1909f56bfc062723c751e8b465ee728b)
Start importing Assets/Scenes/GameOver.unity using Guid(6f57327951d03874685843d0cb03d028) Importer(815301076,1909f56bfc062723c751e8b465ee728b)  -> (artifact id: 'b73d3abb4223ca4311a24b4e3eb9bb8d') in 0.016535 seconds 
========================================================================
Received Import Request.
  Time since last request: 0.706057 seconds.
  path: Assets/Scenes/EndlessLevel.unity
  artifactKey: Guid(2cda990e2423bbf4892e6590ba056729) Importer(815301076,1909f56bfc062723c751e8b465ee728b)
Start importing Assets/Scenes/EndlessLevel.unity using Guid(2cda990e2423bbf4892e6590ba056729) Importer(815301076,1909f56bfc062723c751e8b465ee728b)  -> (artifact id: 'e7b143be6ad4b8f9c4ad6a9f4ae6f64a') in 0.007593 seconds 
========================================================================
Received Import Request.
  Time since last request: 710.239117 seconds.
  path: Assets/Sprites/bloodParitcle.png
  artifactKey: Guid(5b204e2af27d4754fa82d3a5deec381b) Importer(815301076,1909f56bfc062723c751e8b465ee728b)
Start importing Assets/Sprites/bloodParitcle.png using Guid(5b204e2af27d4754fa82d3a5deec381b) Importer(815301076,1909f56bfc062723c751e8b465ee728b)  -> (artifact id: '8bbfc55849a1bcc1ccb20a6a466d5af1') in 0.140438 seconds 
========================================================================
Received Import Request.
  Time since last request: 0.000293 seconds.
  path: Assets/Sprites/Medieval_tiles_free_2.0.png
  artifactKey: Guid(2d6857ebb3fbba24a8ce3d17833851c2) Importer(815301076,1909f56bfc062723c751e8b465ee728b)
Start importing Assets/Sprites/Medieval_tiles_free_2.0.png using Guid(2d6857ebb3fbba24a8ce3d17833851c2) Importer(815301076,1909f56bfc062723c751e8b465ee728b)  -> (artifact id: 'a9cbd3de2e63dbcd64fccc89f81865b7') in 0.020136 seconds 
========================================================================
Received Import Request.
  Time since last request: 0.000284 seconds.
  path: Assets/Sprites/Medieval_props_free.png
  artifactKey: Guid(ae296584589adbf4eac9106ef30cf220) Importer(815301076,1909f56bfc062723c751e8b465ee728b)
Start importing Assets/Sprites/Medieval_props_free.png using Guid(ae296584589adbf4eac9106ef30cf220) Importer(815301076,1909f56bfc062723c751e8b465ee728b)  -> (artifact id: 'c9aa824149e219dad82a241ec01682f5') in 0.014805 seconds 
========================================================================
Received Import Request.
  Time since last request: 0.000623 seconds.
  path: Assets/Sprites/Square.png
  artifactKey: Guid(ec39e580dac4ede47b0df4904d3f2fa7) Importer(815301076,1909f56bfc062723c751e8b465ee728b)
Start importing Assets/Sprites/Square.png using Guid(ec39e580dac4ede47b0df4904d3f2fa7) Importer(815301076,1909f56bfc062723c751e8b465ee728b)  -> (artifact id: '801e5292cc84e372c728a044360c92ac') in 0.013319 seconds 
========================================================================
Received Import Request.
  Time since last request: 0.000257 seconds.
  path: Assets/Sprites/Spider Sprite Sheet.png
  artifactKey: Guid(6fe9115c878b14440ba991f79ea866ce) Importer(815301076,1909f56bfc062723c751e8b465ee728b)
Start importing Assets/Sprites/Spider Sprite Sheet.png using Guid(6fe9115c878b14440ba991f79ea866ce) Importer(815301076,1909f56bfc062723c751e8b465ee728b)  -> (artifact id: 'f1853ef2612c72ba6ff97152ae822141') in 0.116704 seconds 
========================================================================
Received Import Request.
  Time since last request: 0.000270 seconds.
  path: Assets/Sprites/Level1.prefab
  artifactKey: Guid(0679419cde11a3546b9ab8d9dbac055a) Importer(815301076,1909f56bfc062723c751e8b465ee728b)
Start importing Assets/Sprites/Level1.prefab using Guid(0679419cde11a3546b9ab8d9dbac055a) Importer(815301076,1909f56bfc062723c751e8b465ee728b)  -> (artifact id: '0e7f4d0d38681fba75fb91721602c2d6') in 0.016059 seconds 
========================================================================
Received Import Request.
  Time since last request: 0.000337 seconds.
  path: Assets/Sprites/MushroomMan.png
  artifactKey: Guid(11a1bddef906c3c4d9ebe86da2e57686) Importer(815301076,1909f56bfc062723c751e8b465ee728b)
Start importing Assets/Sprites/MushroomMan.png using Guid(11a1bddef906c3c4d9ebe86da2e57686) Importer(815301076,1909f56bfc062723c751e8b465ee728b)  -> (artifact id: '4f2728a5b47dc1edb107200a43bc7ef5') in 0.050779 seconds 
========================================================================
Received Import Request.
  Time since last request: 6.054006 seconds.
  path: Assets/Sprites/2D Knight Sprite/Body_Parts/3_KNIGHT/3_body_.png
  artifactKey: Guid(8125dc94885ca054cb354a86844f40a2) Importer(815301076,1909f56bfc062723c751e8b465ee728b)
Start importing Assets/Sprites/2D Knight Sprite/Body_Parts/3_KNIGHT/3_body_.png using Guid(8125dc94885ca054cb354a86844f40a2) Importer(815301076,1909f56bfc062723c751e8b465ee728b)  -> (artifact id: 'd6fa270b1eafa1a608cc4fda3d62dfda') in 0.013179 seconds 
========================================================================
Received Import Request.
  Time since last request: 0.000297 seconds.
  path: Assets/Sprites/2D Knight Sprite/Body_Parts/3_KNIGHT/3_right arm_.png
  artifactKey: Guid(2943132857186ff42a3af8fca608753f) Importer(815301076,1909f56bfc062723c751e8b465ee728b)
Start importing Assets/Sprites/2D Knight Sprite/Body_Parts/3_KNIGHT/3_right arm_.png using Guid(2943132857186ff42a3af8fca608753f) Importer(815301076,1909f56bfc062723c751e8b465ee728b)  -> (artifact id: '696b9b5670d1ab9d41520afe9b7a8d48') in 0.016491 seconds 
========================================================================
Received Import Request.
  Time since last request: 0.000300 seconds.
  path: Assets/Sprites/2D Knight Sprite/Body_Parts/3_KNIGHT/3_sword_.png
  artifactKey: Guid(345ad29c1ef810541a5bc212a5900ab7) Importer(815301076,1909f56bfc062723c751e8b465ee728b)
Start importing Assets/Sprites/2D Knight Sprite/Body_Parts/3_KNIGHT/3_sword_.png using Guid(345ad29c1ef810541a5bc212a5900ab7) Importer(815301076,1909f56bfc062723c751e8b465ee728b)  -> (artifact id: 'e48b1786267daa87f19f26b7a0ed7e82') in 0.015204 seconds 
========================================================================
Received Import Request.
  Time since last request: 0.000362 seconds.
  path: Assets/Sprites/2D Knight Sprite/Body_Parts/3_KNIGHT/3_left arm_.png
  artifactKey: Guid(c8e3a959e8bd3c14aa3b8c4f16643723) Importer(815301076,1909f56bfc062723c751e8b465ee728b)
Start importing Assets/Sprites/2D Knight Sprite/Body_Parts/3_KNIGHT/3_left arm_.png using Guid(c8e3a959e8bd3c14aa3b8c4f16643723) Importer(815301076,1909f56bfc062723c751e8b465ee728b)  -> (artifact id: '6b30620d03906e78176a556ebc555868') in 0.014128 seconds 
========================================================================
Received Import Request.
  Time since last request: 0.000348 seconds.
  path: Assets/Sprites/2D Knight Sprite/Body_Parts/3_KNIGHT/3_left lag_.png
  artifactKey: Guid(c142c69039e0b9246b5b8fc68e516e33) Importer(815301076,1909f56bfc062723c751e8b465ee728b)
Start importing Assets/Sprites/2D Knight Sprite/Body_Parts/3_KNIGHT/3_left lag_.png using Guid(c142c69039e0b9246b5b8fc68e516e33) Importer(815301076,1909f56bfc062723c751e8b465ee728b)  -> (artifact id: '971a67a93a02fb1af4cc83f908cca193') in 0.015938 seconds 
========================================================================
Received Import Request.
  Time since last request: 0.000277 seconds.
  path: Assets/Sprites/2D Knight Sprite/Body_Parts/3_KNIGHT/3_right lag_.png
  artifactKey: Guid(8d53cc03ebcefd14b9a014b66613bf35) Importer(815301076,1909f56bfc062723c751e8b465ee728b)
Start importing Assets/Sprites/2D Knight Sprite/Body_Parts/3_KNIGHT/3_right lag_.png using Guid(8d53cc03ebcefd14b9a014b66613bf35) Importer(815301076,1909f56bfc062723c751e8b465ee728b)  -> (artifact id: '7d80e34faba8b3350f3604dedc8f346d') in 0.012939 seconds 
========================================================================
Received Import Request.
  Time since last request: 0.000292 seconds.
  path: Assets/Sprites/2D Knight Sprite/Body_Parts/3_KNIGHT/3_shield_.png
  artifactKey: Guid(d59c82219c5c45146b48d717f7f6216b) Importer(815301076,1909f56bfc062723c751e8b465ee728b)
Start importing Assets/Sprites/2D Knight Sprite/Body_Parts/3_KNIGHT/3_shield_.png using Guid(d59c82219c5c45146b48d717f7f6216b) Importer(815301076,1909f56bfc062723c751e8b465ee728b)  -> (artifact id: '32ce45c86efd7baf06ffd7b88ec75d4a') in 0.015458 seconds 
========================================================================
Received Import Request.
  Time since last request: 0.000296 seconds.
  path: Assets/Sprites/2D Knight Sprite/Body_Parts/3_KNIGHT/3_head_.png
  artifactKey: Guid(81a19005c83dea9408640fc39ff65977) Importer(815301076,1909f56bfc062723c751e8b465ee728b)
Start importing Assets/Sprites/2D Knight Sprite/Body_Parts/3_KNIGHT/3_head_.png using Guid(81a19005c83dea9408640fc39ff65977) Importer(815301076,1909f56bfc062723c751e8b465ee728b)  -> (artifact id: 'fe13a33b8e06178b4dbe310340a76e0b') in 0.020667 seconds 
========================================================================
Received Import Request.
  Time since last request: 0.000207 seconds.
  path: Assets/Sprites/2D Knight Sprite/Body_Parts/3_KNIGHT/3_knight_.png
  artifactKey: Guid(8e2e25ef192ad424395748d243c23e00) Importer(815301076,1909f56bfc062723c751e8b465ee728b)
Start importing Assets/Sprites/2D Knight Sprite/Body_Parts/3_KNIGHT/3_knight_.png using Guid(8e2e25ef192ad424395748d243c23e00) Importer(815301076,1909f56bfc062723c751e8b465ee728b)  -> (artifact id: '48ca7b726bf4fc1c4b35a7f13c756287') in 0.025087 seconds 
========================================================================
Received Prepare
Refreshing native plugins compatible for Editor in 1.42 ms, found 1 plugins.
Preloading 0 native plugins for Editor in 0.00 ms.
Unloading 7 Unused Serialized files (Serialized files now loaded: 0)
System memory in use before: 58.5 MB.
System memory in use after: 58.6 MB.

Unloading 6 unused Assets to reduce memory usage. Loaded Objects now: 2589.
Total: 2.927000 ms (FindLiveObjects: 0.234200 ms CreateObjectMapping: 0.099100 ms MarkObjects: 2.579000 ms  DeleteObjects: 0.013500 ms)

========================================================================
Received Prepare
Registering precompiled user dll's ...
Registered in 0.001095 seconds.
Begin MonoManager ReloadAssembly
Native extension for WindowsStandalone target not found
Refreshing native plugins compatible for Editor in 0.41 ms, found 1 plugins.
Preloading 0 native plugins for Editor in 0.00 ms.
Mono: successfully reloaded assembly
- Completed reload, in  0.855 seconds
Platform modules already initialized, skipping
Refreshing native plugins compatible for Editor in 0.50 ms, found 1 plugins.
Preloading 0 native plugins for Editor in 0.00 ms.
Unloading 2006 Unused Serialized files (Serialized files now loaded: 0)
System memory in use before: 113.5 MB.
System memory in use after: 113.7 MB.

Unloading 9 unused Assets to reduce memory usage. Loaded Objects now: 2802.
Total: 2.459900 ms (FindLiveObjects: 0.220000 ms CreateObjectMapping: 0.101900 ms MarkObjects: 2.117700 ms  DeleteObjects: 0.019200 ms)

AssetImportWorkerClient::OnTransportError - code=2 error=End of file
